<?xml version="1.0" encoding="UTF-8"?>
<testsuite xmlns:xsi="http://www.w3.org/2001/XMLSchema-instance" xsi:noNamespaceSchemaLocation="https://maven.apache.org/surefire/maven-surefire-plugin/xsd/surefire-test-report.xsd" name="contracts.AgendasConsumerContractTest" time="5.152" tests="2" errors="0" skipped="0" failures="0">
  <properties>
[...]
</properties>
  <testcase name="shouldGetAgendasList{MockServer}" classname="contracts.AgendasConsumerContractTest" time="4.425"/>
  <testcase name="shouldGetAgenda{MockServer}" classname="contracts.AgendasConsumerContractTest" time="0.712"/>
</testsuite>